  du56.cpp
  class template variant is only available with C++17 or later.
C:\Users\jakub\Desktop\mff-stuff\Compilers\framework\build.vc141\du3456g.hpp(387,14): error C2039: 'variant': is not a member of 'std'
C:\Program Files (x86)\Microsoft Visual Studio\2019\Enterprise\VC\Tools\MSVC\14.23.28105\include\deque(20): message : see declaration of 'std'
C:\Users\jakub\Desktop\mff-stuff\Compilers\framework\build.vc141\du3456g.hpp(387,21): error C2065: 'variant': undeclared identifier
C:\Users\jakub\Desktop\mff-stuff\Compilers\framework\build.vc141\du3456g.hpp(388,21): error C2275: 'std::vector<std::tuple<std::deque<mlc::ls_id_index,std::allocator<_Ty>>,mlc::ls_id_index>,std::allocator<std::tuple<std::deque<_Ty,std::allocator<_Ty>>,mlc::ls_id_index>>>': illegal use of this type as an expression
C:\Users\jakub\Desktop\mff-stuff\Compilers\framework\build.vc141\du3456g.hpp(388,21): error C2275:         with
C:\Users\jakub\Desktop\mff-stuff\Compilers\framework\build.vc141\du3456g.hpp(388,21): error C2275:         [
C:\Users\jakub\Desktop\mff-stuff\Compilers\framework\build.vc141\du3456g.hpp(388,21): error C2275:             _Ty=mlc::ls_id_index
C:\Users\jakub\Desktop\mff-stuff\Compilers\framework\build.vc141\du3456g.hpp(388,21): error C2275:         ]
C:\Users\jakub\Desktop\mff-stuff\Compilers\framework\build.vc141\du3456g.hpp(387): message : see declaration of 'std::vector<std::tuple<std::deque<mlc::ls_id_index,std::allocator<_Ty>>,mlc::ls_id_index>,std::allocator<std::tuple<std::deque<_Ty,std::allocator<_Ty>>,mlc::ls_id_index>>>'
C:\Users\jakub\Desktop\mff-stuff\Compilers\framework\build.vc141\du3456g.hpp(387): message :         with
C:\Users\jakub\Desktop\mff-stuff\Compilers\framework\build.vc141\du3456g.hpp(387): message :         [
C:\Users\jakub\Desktop\mff-stuff\Compilers\framework\build.vc141\du3456g.hpp(387): message :             _Ty=mlc::ls_id_index
C:\Users\jakub\Desktop\mff-stuff\Compilers\framework\build.vc141\du3456g.hpp(387): message :         ]
C:\Users\jakub\Desktop\mff-stuff\Compilers\framework\build.vc141\du3456g.hpp(390,6): error C2059: syntax error: ')'
C:\Users\jakub\Desktop\mff-stuff\Compilers\framework\build.vc141\du3456g.hpp(390,8): error C2238: unexpected token(s) preceding ';'
C:\Users\jakub\Desktop\mff-stuff\Compilers\framework\build.vc141\du3456g.hpp(443,33): error C2039: 'variant': is not a member of 'std'
C:\Program Files (x86)\Microsoft Visual Studio\2019\Enterprise\VC\Tools\MSVC\14.23.28105\include\deque(20): message : see declaration of 'std'
C:\Users\jakub\Desktop\mff-stuff\Compilers\framework\build.vc141\du3456g.hpp(443,40): error C2065: 'variant': undeclared identifier
C:\Users\jakub\Desktop\mff-stuff\Compilers\framework\build.vc141\du3456g.hpp(444,19): error C2275: 'mlc::ls_int_index': illegal use of this type as an expression
C:\Users\jakub\Desktop\mff-stuff\Compilers\framework\build.vc141\du3456g.hpp(443): message : see declaration of 'mlc::ls_int_index'
C:\Users\jakub\Desktop\mff-stuff\Compilers\framework\build.vc141\du3456g.hpp(448,26): error C2039: 'variant': is not a member of 'std'
C:\Program Files (x86)\Microsoft Visual Studio\2019\Enterprise\VC\Tools\MSVC\14.23.28105\include\deque(20): message : see declaration of 'std'
C:\Users\jakub\Desktop\mff-stuff\Compilers\framework\build.vc141\du3456g.hpp(448,33): error C2065: 'variant': undeclared identifier
C:\Users\jakub\Desktop\mff-stuff\Compilers\framework\build.vc141\du3456g.hpp(448,38): error C2062: type 'bool' unexpected
C:\Users\jakub\Desktop\mff-stuff\Compilers\framework\build.vc141\du3456g.hpp(450,9): error C2238: unexpected token(s) preceding ';'
C:\Users\jakub\Desktop\mff-stuff\Compilers\framework\build.vc141\du3456g.hpp(606,14): error C2039: 'variant': is not a member of 'std'
C:\Program Files (x86)\Microsoft Visual Studio\2019\Enterprise\VC\Tools\MSVC\14.23.28105\include\deque(20): message : see declaration of 'std'
C:\Users\jakub\Desktop\mff-stuff\Compilers\framework\build.vc141\du3456g.hpp(952): message : see reference to class template instantiation 'yy::mlaskal_parser::basic_symbol<Base>' being compiled
C:\Users\jakub\Desktop\mff-stuff\Compilers\framework\build.vc141\du3456g.hpp(605,1): error C4430: missing type specifier - int assumed. Note: C++ does not support default-int
C:\Users\jakub\Desktop\mff-stuff\Compilers\framework\build.vc141\du3456g.hpp(606,21): error C2143: syntax error: missing ',' before '<'
C:\Users\jakub\Desktop\mff-stuff\Compilers\framework\build.vc141\du3456g.hpp(810,60): error C2039: 'variant': is not a member of 'std'
C:\Program Files (x86)\Microsoft Visual Studio\2019\Enterprise\VC\Tools\MSVC\14.23.28105\include\deque(20): message : see declaration of 'std'
C:\Users\jakub\Desktop\mff-stuff\Compilers\framework\build.vc141\du3456g.hpp(810,1): error C4430: missing type specifier - int assumed. Note: C++ does not support default-int
C:\Users\jakub\Desktop\mff-stuff\Compilers\framework\build.vc141\du3456g.hpp(810,67): error C2143: syntax error: missing ',' before '<'
C:\Users\jakub\Desktop\mff-stuff\Compilers\framework\build.vc141\du3456g.hpp(810,1): error C2535: 'yy::mlaskal_parser::basic_symbol<Base>::basic_symbol(basic_symbol<Base>::Base::kind_type,const int)': member function already defined or declared
C:\Users\jakub\Desktop\mff-stuff\Compilers\framework\build.vc141\du3456g.hpp(605): message : see declaration of 'yy::mlaskal_parser::basic_symbol<Base>::basic_symbol'
C:\Users\jakub\Desktop\mff-stuff\Compilers\framework\build.vc141\du3456g.hpp(810,1): error C2535: 'yy::mlaskal_parser::basic_symbol<yy::mlaskal_parser::by_type>::basic_symbol(yy::mlaskal_parser::by_type::kind_type,const int)': member function already defined or declared
C:\Users\jakub\Desktop\mff-stuff\Compilers\framework\build.vc141\du3456g.hpp(605): message : see declaration of 'yy::mlaskal_parser::basic_symbol<yy::mlaskal_parser::by_type>::basic_symbol'
C:\Users\jakub\Desktop\mff-stuff\Compilers\framework\build.vc141\du3456g.hpp(810,1): error C2535: 'yy::mlaskal_parser::basic_symbol<yy::mlaskal_parser::by_state>::basic_symbol(yy::mlaskal_parser::by_state::kind_type,const int)': member function already defined or declared
C:\Users\jakub\Desktop\mff-stuff\Compilers\framework\build.vc141\du3456g.hpp(605): message : see declaration of 'yy::mlaskal_parser::basic_symbol<yy::mlaskal_parser::by_state>::basic_symbol'
C:\Users\jakub\Desktop\mff-stuff\Compilers\framework\build.vc141\du3456g.hpp(611,3): error C3861: 'v': identifier not found
C:\Users\jakub\Desktop\mff-stuff\Compilers\framework\build.vc141\du3456g.hpp(612,3): error C3861: 'l': identifier not found
C:\Users\jakub\Desktop\mff-stuff\Compilers\framework\build.vc141\du3456g.hpp(819,3): error C3861: 'v': identifier not found
C:\Users\jakub\Desktop\mff-stuff\Compilers\framework\build.vc141\du3456g.hpp(820,3): error C3861: 'l': identifier not found
C:\Users\jakub\Desktop\mff-stuff\Compilers\framework\build.vc141\du3456g.hpp(851,10): error C2760: syntax error: unexpected token ')', expected 'expression'
C:\Users\jakub\Desktop\mff-stuff\Compilers\framework\build.vc141\du3456g.hpp(2358,38): error C2760: syntax error: unexpected token ',', expected 'expression'
C:\Users\jakub\Desktop\mff-stuff\Compilers\framework\build.vc141\du3456g.hpp(2462,38): error C2760: syntax error: unexpected token ',', expected 'expression'
C:\Users\jakub\Desktop\mff-stuff\Compilers\framework\public-cpp\du56.cpp(33,4): error C3477: a lambda cannot appear in an unevaluated context
